 
****************************************
Report : power
        -cell
        -analysis_effort low
        -sort_mode cell_internal_power
Design : SIPISOALU
Version: F-2011.09-SP3
Date   : Tue May  5 04:53:27 2020
****************************************


Library(s) Used:

    NangateOpenCellLibrary (File: /home/mariagrazia.graziano/do/libnangate/NangateOpenCellLibrary_typical_ecsm.db)


Operating Conditions: typical   Library: NangateOpenCellLibrary
Wire Load Model Mode: top

Design        Wire Load Model            Library
------------------------------------------------
SIPISOALU              5K_hvratio_1_1    NangateOpenCellLibrary


Global Operating Voltage = 1.1  
Power-specific unit information :
    Voltage Units = 1V
    Capacitance Units = 1.000000ff
    Time Units = 1ns
    Dynamic Power Units = 1uW    (derived from V,C,T units)
    Leakage Power Units = 1nW



  Attributes
  ----------
      h  -  Hierarchical cell

                        Cell      Driven Net  Tot Dynamic      Cell
                        Internal  Switching   Power            Leakage
Cell                    Power     Power       (% Cell/Tot)     Power      Attrs
--------------------------------------------------------------------------------
control                  125.0371       N/A        N/A (N/A)   2475.9783  h
PISO_reg[1]               18.0899    0.0541     18.144 (100%)    79.5342   
PISO_reg[3]               18.0206    0.0276     18.048 (100%)    79.4297   
PISO_reg[2]               18.0132    0.0431     18.056 (100%)    79.5665   
PISO_reg[0]               17.9068    0.0364     17.943 (100%)    79.8923   
SIPO_reg[2]               17.0697    0.1944     17.264 (99%)     81.6635   
PIPO_reg[0]               17.0426    0.3952     17.438 (98%)     81.8815   
SIPO_reg[1]               17.0157    0.4695     17.485 (97%)     81.8378   
SIPO_reg[0]               16.9078    0.6530     17.561 (96%)     82.0984   
PIPO_reg[1]               16.9062    0.4498     17.356 (97%)     81.9469   
PIPO_reg[3]               16.9045    0.2118     17.116 (99%)     81.9737   
PIPO_reg[2]               16.8733    0.3046     17.178 (98%)     81.9817   
U194                       1.0101    0.1401      1.150 (88%)     69.3164   
U220                       0.5912    0.1843      0.776 (76%)     26.5304   
U221                       0.4291    0.2397      0.669 (64%)     26.4037   
U212                       0.4196    0.1936      0.613 (68%)     28.2621   
U211                       0.2723    0.2299      0.502 (54%)     47.9824   
U170                       0.2662    0.1289      0.395 (67%)     27.0678   
U219                       0.2481    3.6843      3.932 (6%)      14.3532   
U196                       0.2469    0.6052      0.852 (29%)     14.3532   
U163                       0.2004    0.0802      0.281 (71%)     34.6190   
U157                       0.1955    0.0787      0.274 (71%)     34.5824   
U151                       0.1806    0.0880      0.269 (67%)     36.0041   
U152                       0.1757    0.1379      0.314 (56%)     15.1128   
U155                       0.1627    0.0647      0.227 (72%)     35.1259   
U154                       0.1556    0.1251      0.281 (55%)      6.3400   
U161                       0.1536    0.0771      0.231 (67%)     36.3470   
U153                       0.1526    0.0747      0.227 (67%)     36.4219   
U159                       0.1503    0.0755      0.226 (67%)     36.3675   
U164                       0.1480    0.1236      0.272 (54%)      6.8361   
U162                       0.1408    0.1176      0.258 (54%)      6.8361   
U160                       0.1396    0.1166      0.256 (54%)      6.8361   
U156                       0.1363    0.1097      0.246 (55%)      6.0269   
U158                       0.1360    0.1250      0.261 (52%)     14.8704   
U199                       0.1054    0.1713      0.277 (38%)     43.9781   
U204                       0.0904    0.0535      0.144 (63%)      8.1801   
U197                       0.0842    0.1561      0.240 (35%)     23.4972   
U195                       0.0839    0.1178      0.202 (42%)     23.4972   
U169                       0.0795    0.0636      0.143 (56%)     11.9250   
U207                       0.0792    0.0290      0.108 (73%)     36.8086   
U215                       0.0754    0.0922      0.168 (45%)     11.0212   
U203                       0.0684    0.0621      0.130 (52%)     28.4560   
U222                       0.0606    0.0754      0.136 (45%)     10.5692   
U201                       0.0588    0.0778      0.137 (43%)     23.5378   
U208                       0.0539    0.0257   7.96e-02 (68%)     55.2197   
U191                       0.0524    0.0609      0.113 (46%)      9.6808   
U223                       0.0524    0.0810      0.133 (39%)     10.5552   
U213                       0.0495    0.0169   6.64e-02 (75%)     64.1156   
U209                       0.0427    0.0262   6.89e-02 (62%)      1.5385   
U200                       0.0381    0.0195   5.76e-02 (66%)      4.7473   
U210                       0.0360    0.0160   5.20e-02 (69%)     20.7836   
U206                       0.0330    0.0126   4.56e-02 (72%)      6.6459   
U189                       0.0292    0.0218   5.10e-02 (57%)     37.1199   
U193                       0.0278    0.0211   4.89e-02 (57%)     16.4290   
U202                       0.0247    0.0627   8.74e-02 (28%)     10.1461   
U224                       0.0246    0.0717   9.63e-02 (26%)     10.1461   
U228                       0.0238    0.0111   3.49e-02 (68%)     45.8974   
U205                       0.0235    0.0469   7.04e-02 (33%)     10.2105   
U198                       0.0201 8.946e-03   2.90e-02 (69%)     18.4544   
U214                       0.0196    0.0136   3.32e-02 (59%)     18.1615   
U192                    1.800e-03 1.421e-03   3.22e-03 (56%)      4.3375   
U190                       0.0000    0.0000      0.000 (N/A)      4.2786   
U227                       0.0000    0.0000      0.000 (N/A)      4.1496   
--------------------------------------------------------------------------------
Totals (63 cells)        322.837uW     N/A         N/A (N/A)      4.508uW
1
