 
****************************************
Report : power
        -net
        -analysis_effort low
        -sort_mode net_switching_power
Design : SIPISOALU
Version: F-2011.09-SP3
Date   : Tue May  5 04:53:31 2020
****************************************


Library(s) Used:

    NangateOpenCellLibrary (File: /home/mariagrazia.graziano/do/libnangate/NangateOpenCellLibrary_typical_ecsm.db)


Operating Conditions: typical   Library: NangateOpenCellLibrary
Wire Load Model Mode: top

Design        Wire Load Model            Library
------------------------------------------------
SIPISOALU              5K_hvratio_1_1    NangateOpenCellLibrary


Global Operating Voltage = 1.1  
Power-specific unit information :
    Voltage Units = 1V
    Capacitance Units = 1.000000ff
    Time Units = 1ns
    Dynamic Power Units = 1uW    (derived from V,C,T units)
    Leakage Power Units = 1nW



  Attributes
  ----------
      a  -  Switching activity information annotated on net
      d  -  Default switching activity information on net

                             Total      Static   Toggle   Switching
Net                          Net Load   Prob.    Rate     Power      Attrs
--------------------------------------------------------------------------------
n231                          24.359    0.500    0.2500      3.6843  d
LDB                           17.082    0.112    0.1528      1.5793  
EA                            12.235    0.149    0.1619      1.1984  
n269                           4.002    0.500    0.2500      0.6052  d
n272                           8.216    0.880    0.0886      0.4403  
n80                            5.833    0.112    0.0764      0.2698  
n236                           5.376    0.106    0.0768      0.2499  
n274                           2.883    0.827    0.1374      0.2397  
n273                           2.721    0.169    0.1396      0.2299  
n151                           4.772    0.893    0.0761      0.2196  
net8239                        3.935    0.120    0.0893      0.2127  
n237                           4.503    0.887    0.0777      0.2118  
n154                           4.593    0.886    0.0761      0.2116  
net8206                        4.128    0.892    0.0810      0.2023  
n279                           1.905    0.825    0.1680      0.1936  
n156                           3.994    0.108    0.0798      0.1928  
n248                           1.972    0.831    0.1545      0.1843  
net8315                        3.933    0.888    0.0757      0.1801  
n254                           5.378    0.053    0.0526      0.1713  
net8204                        4.070    0.055    0.0634      0.1561  
net8166                        1.255    0.818    0.1846      0.1401  
n241                           1.980    0.923    0.1151      0.1379  
net8331                        8.327    0.005    0.0263      0.1326  
n253                           1.997    0.133    0.1067      0.1289  
n242                           1.980    0.935    0.1044      0.1251  
n244                           1.980    0.942    0.1043      0.1250  
n247                           1.980    0.943    0.1031      0.1236  
n271                           3.072    0.055    0.0634      0.1178  
n246                           1.980    0.943    0.0981      0.1176  
n245                           1.980    0.944    0.0973      0.1166  
n160                           2.721    0.098    0.0701      0.1154  
n243                           1.980    0.945    0.0916      0.1097  
STARTC                         6.036    0.005    0.0263      0.0961  
n238                           1.999    0.114    0.0769      0.0930  
n239                           1.882    0.892    0.0810      0.0922  
n54                            1.438    0.132    0.1012      0.0880  
net8151                        2.542    0.947    0.0526      0.0810  
n48                            1.438    0.121    0.0922      0.0802  
n235                           1.882    0.902    0.0694      0.0789  
n51                            1.438    0.125    0.0905      0.0787  
SHIFTC                         5.393    0.013    0.0241      0.0787  
net8243                        5.334    0.013    0.0241      0.0778  
n49                            1.438    0.124    0.0886      0.0771  
n50                            1.438    0.126    0.0867      0.0755  
net8158                        1.967    0.945    0.0634      0.0754  
n53                            1.438    0.118    0.0858      0.0747  
net8144                        4.500    0.995    0.0263      0.0717  
n52                            1.438    0.108    0.0744      0.0647  
n251                           2.542    0.951    0.0414      0.0636  
net8156                        3.940    0.995    0.0263      0.0627  
n284                           3.897    0.982    0.0263      0.0621  
n280                           3.826    0.995    0.0263      0.0609  
net8164                        3.984    0.006    0.0224      0.0541  
n268                           1.980    0.962    0.0446      0.0535  
n285                           3.216    0.987    0.0241      0.0469  
C                              2.363    0.020    0.0255      0.0364  
net8161                        1.909    0.993    0.0251      0.0290  
n159                           3.984    0.002    0.0114      0.0276  
n276                           1.931    0.994    0.0224      0.0262  
n44                            1.438    0.022    0.0295      0.0257  
n286                           1.980    0.007    0.0185      0.0221  
n45                            1.438    0.007    0.0251      0.0218  
n281                           1.974    0.008    0.0177      0.0211  
n282                           1.961    0.992    0.0177      0.0210  
n283                           1.252    0.980    0.0258      0.0195  
n46                            1.438    0.008    0.0195      0.0169  
net8152                        1.960    0.997    0.0135      0.0160  
n278                           1.967    0.998    0.0114      0.0136  
net8165                        1.256    0.996    0.0166      0.0126  
n47                            1.438    0.003    0.0127      0.0111  
net8154                        1.900    0.986    0.0078      0.0089  
n277                           1.924    0.996    0.0012      0.0014  
n275                           1.980    1.000    0.0000      0.0000  
net8162                        1.974    1.000    0.0000      0.0000  
--------------------------------------------------------------------------------
Total (74 nets)                                             14.1417 uW
1
